update.go:85: cannot change mount namespace according to change mount (/var/lib/snapd/hostfs/usr/share/cups/doc-root /usr/share/cups/doc-root none bind,ro 0 0): cannot create directory "/usr/share/cups/doc-root": permission denied
update.go:85: cannot change mount namespace according to change mount (/var/lib/snapd/hostfs/usr/share/gimp/2.0/help /usr/share/gimp/2.0/help none bind,ro 0 0): cannot create directory "/usr/share/gimp/2.0": permission denied
update.go:85: cannot change mount namespace according to change mount (/var/lib/snapd/hostfs/usr/share/libreoffice/help /usr/share/libreoffice/help none bind,ro 0 0): cannot create directory "/usr/share/libreoffice/help": permission denied
update.go:85: cannot change mount namespace according to change mount (/var/lib/snapd/hostfs/usr/share/xubuntu-docs /usr/share/xubuntu-docs none bind,ro 0 0): cannot open directory "/var/lib": permission denied
1664654794611	geckodriver	INFO	Listening on 127.0.0.1:45237
1664654794996	mozrunner::runner	INFO	Running command: "/snap/firefox/current/firefox.launcher" "--marionette" "-headless" "--remote-debugging-port" "49673" "--remote-allow-hosts" "localhost" "-no-remote" "-profile" "/tmp/rust_mozprofileyUTobN"
*** You are running in headless mode.
1664654795739	Marionette	INFO	Marionette enabled
1664654795745	Marionette	INFO	Listening on port 46383
Read port: 46383
WebDriver BiDi listening on ws://127.0.0.1:49673
1664654795934	RemoteAgent	WARN	TLS certificate errors will be ignored for this session
[GFX1-]: RenderCompositorSWGL failed mapping default framebuffer, no dt
console.warn: SearchSettings: "get: No settings file exists, new profile?" (new NotFoundError("Could not open the file at /tmp/rust_mozprofileyUTobN/search.json.mozlz4", (void 0)))
Missing chrome or resource URL: resource://gre/modules/UpdateListener.sys.mjs
DevTools listening on ws://127.0.0.1:49673/devtools/browser/38ff8b87-c08c-48ab-ba2a-9b63db36e2e7
JavaScript warning: https://vlibras.gov.br/app/vlibras-plugin.js, line 81: unreachable code after return statement
1664654872340	Marionette	INFO	Stopped listening on port 46383
Missing chrome or resource URL: resource://gre/modules/UpdateListener.sys.mjs
console.error: "Error during quit-application-granted: [Exception... \"File error: Not found\"  nsresult: \"0x80520012 (NS_ERROR_FILE_NOT_FOUND)\"  location: \"JS frame :: resource:///modules/BrowserGlue.jsm :: _onQuitApplicationGranted/tasks< :: line 2009\"  data: no]"
Sandbox: Unexpected EOF, op 0 flags 00 path /proc/cpuinfo
1664655525130	geckodriver	INFO	Listening on 127.0.0.1:39351
1664655525534	mozrunner::runner	INFO	Running command: "/snap/firefox/current/firefox.launcher" "--marionette" "-headless" "--remote-debugging-port" "58947" "--remote-allow-hosts" "localhost" "-no-remote" "-profile" "/tmp/rust_mozprofilevtV9a4"
*** You are running in headless mode.
1664655525929	Marionette	INFO	Marionette enabled
1664655525933	Marionette	INFO	Listening on port 46161
Read port: 46161
WebDriver BiDi listening on ws://127.0.0.1:58947
1664655526053	RemoteAgent	WARN	TLS certificate errors will be ignored for this session
[GFX1-]: RenderCompositorSWGL failed mapping default framebuffer, no dt
console.warn: SearchSettings: "get: No settings file exists, new profile?" (new NotFoundError("Could not open the file at /tmp/rust_mozprofilevtV9a4/search.json.mozlz4", (void 0)))
Missing chrome or resource URL: resource://gre/modules/UpdateListener.sys.mjs
DevTools listening on ws://127.0.0.1:58947/devtools/browser/d6d728dd-50ae-4fcb-abba-b9033592b0ea
JavaScript warning: https://vlibras.gov.br/app/vlibras-plugin.js, line 81: unreachable code after return statement
1664655560898	Marionette	INFO	Stopped listening on port 46161
Missing chrome or resource URL: resource://gre/modules/UpdateListener.sys.mjs
console.error: "Error during quit-application-granted: [Exception... \"File error: Not found\"  nsresult: \"0x80520012 (NS_ERROR_FILE_NOT_FOUND)\"  location: \"JS frame :: resource:///modules/BrowserGlue.jsm :: _onQuitApplicationGranted/tasks< :: line 2009\"  data: no]"
update.go:85: cannot change mount namespace according to change mount (/var/lib/snapd/hostfs/usr/share/cups/doc-root /usr/share/cups/doc-root none bind,ro 0 0): cannot create directory "/usr/share/cups/doc-root": permission denied
update.go:85: cannot change mount namespace according to change mount (/var/lib/snapd/hostfs/usr/share/gimp/2.0/help /usr/share/gimp/2.0/help none bind,ro 0 0): cannot create directory "/usr/share/gimp/2.0": permission denied
update.go:85: cannot change mount namespace according to change mount (/var/lib/snapd/hostfs/usr/share/libreoffice/help /usr/share/libreoffice/help none bind,ro 0 0): cannot create directory "/usr/share/libreoffice/help": permission denied
update.go:85: cannot change mount namespace according to change mount (/var/lib/snapd/hostfs/usr/share/xubuntu-docs /usr/share/xubuntu-docs none bind,ro 0 0): cannot open directory "/var/lib": permission denied
1664682298770	geckodriver	INFO	Listening on 127.0.0.1:37143
1664682299191	mozrunner::runner	INFO	Running command: "/snap/firefox/current/firefox.launcher" "--marionette" "-headless" "--remote-debugging-port" "51455" "--remote-allow-hosts" "localhost" "-no-remote" "-profile" "/tmp/rust_mozprofileF4f1r1"
*** You are running in headless mode.
1664682299966	Marionette	INFO	Marionette enabled
1664682299972	Marionette	INFO	Listening on port 46589
Read port: 46589
WebDriver BiDi listening on ws://127.0.0.1:51455
1664682300183	RemoteAgent	WARN	TLS certificate errors will be ignored for this session
[GFX1-]: RenderCompositorSWGL failed mapping default framebuffer, no dt
console.warn: SearchSettings: "get: No settings file exists, new profile?" (new NotFoundError("Could not open the file at /tmp/rust_mozprofileF4f1r1/search.json.mozlz4", (void 0)))
Missing chrome or resource URL: resource://gre/modules/UpdateListener.sys.mjs
DevTools listening on ws://127.0.0.1:51455/devtools/browser/8d080257-2960-471b-ac92-417972d22ff1
JavaScript warning: https://vlibras.gov.br/app/vlibras-plugin.js, line 81: unreachable code after return statement
1664682438180	Marionette	INFO	Stopped listening on port 46589
Missing chrome or resource URL: resource://gre/modules/UpdateListener.sys.mjs
console.error: "Error during quit-application-granted: [Exception... \"File error: Not found\"  nsresult: \"0x80520012 (NS_ERROR_FILE_NOT_FOUND)\"  location: \"JS frame :: resource:///modules/BrowserGlue.jsm :: _onQuitApplicationGranted/tasks< :: line 2009\"  data: no]"
JavaScript error: resource://gre/modules/AsyncShutdown.jsm, line 719: Error: Phase "Sqlite.jsm: wait until all connections are closed" is finished, it is too late to register completion condition "protections.sqlite#0: waiting for shutdown"
Sandbox: Unexpected EOF, op 0 flags 00 path /proc/cpuinfo
1664682589439	geckodriver	INFO	Listening on 127.0.0.1:53867
1664682589858	mozrunner::runner	INFO	Running command: "/snap/firefox/current/firefox.launcher" "--marionette" "--remote-debugging-port" "37769" "--remote-allow-hosts" "localhost" "-no-remote" "-profile" "/tmp/rust_mozprofileuqsLXE"
Gtk-Message: 00:49:49.958: Failed to load module "canberra-gtk-module"
Gtk-Message: 00:49:49.960: Failed to load module "canberra-gtk-module"
ATTENTION: default value of option mesa_glthread overridden by environment.
ATTENTION: default value of option mesa_glthread overridden by environment.
ATTENTION: default value of option mesa_glthread overridden by environment.
ATTENTION: default value of option mesa_glthread overridden by environment.
1664682590800	Marionette	INFO	Marionette enabled
1664682590805	Marionette	INFO	Listening on port 44931
Read port: 44931
WebDriver BiDi listening on ws://127.0.0.1:37769
1664682590988	RemoteAgent	WARN	TLS certificate errors will be ignored for this session
console.warn: SearchSettings: "get: No settings file exists, new profile?" (new NotFoundError("Could not open the file at /tmp/rust_mozprofileuqsLXE/search.json.mozlz4", (void 0)))
Missing chrome or resource URL: resource://gre/modules/UpdateListener.sys.mjs
DevTools listening on ws://127.0.0.1:37769/devtools/browser/dea0f0a9-9fe3-4a9f-a708-e749728eeff3
JavaScript warning: https://vlibras.gov.br/app/vlibras-plugin.js, line 81: unreachable code after return statement
1664682719412	Marionette	INFO	Stopped listening on port 44931
Missing chrome or resource URL: resource://gre/modules/UpdateListener.sys.mjs
console.error: "Error during quit-application-granted: [Exception... \"File error: Not found\"  nsresult: \"0x80520012 (NS_ERROR_FILE_NOT_FOUND)\"  location: \"JS frame :: resource:///modules/BrowserGlue.jsm :: _onQuitApplicationGranted/tasks< :: line 2009\"  data: no]"
update.go:85: cannot change mount namespace according to change mount (/var/lib/snapd/hostfs/usr/share/cups/doc-root /usr/share/cups/doc-root none bind,ro 0 0): cannot create directory "/usr/share/cups/doc-root": permission denied
update.go:85: cannot change mount namespace according to change mount (/var/lib/snapd/hostfs/usr/share/gimp/2.0/help /usr/share/gimp/2.0/help none bind,ro 0 0): cannot create directory "/usr/share/gimp/2.0": permission denied
update.go:85: cannot change mount namespace according to change mount (/var/lib/snapd/hostfs/usr/share/libreoffice/help /usr/share/libreoffice/help none bind,ro 0 0): cannot create directory "/usr/share/libreoffice/help": permission denied
update.go:85: cannot change mount namespace according to change mount (/var/lib/snapd/hostfs/usr/share/xubuntu-docs /usr/share/xubuntu-docs none bind,ro 0 0): cannot open directory "/var/lib": permission denied
1665297886391	geckodriver	INFO	Listening on 127.0.0.1:41765
1665297887090	mozrunner::runner	INFO	Running command: "/snap/firefox/current/firefox.launcher" "--marionette" "--remote-debugging-port" "36437" "--remote-allow-hosts" "localhost" "-no-remote" "-profile" "/tmp/rust_mozprofiletqjqJL"
Gtk-Message: 03:44:47.204: Failed to load module "canberra-gtk-module"
Gtk-Message: 03:44:47.208: Failed to load module "canberra-gtk-module"
ATTENTION: default value of option mesa_glthread overridden by environment.
ATTENTION: default value of option mesa_glthread overridden by environment.
ATTENTION: default value of option mesa_glthread overridden by environment.
ATTENTION: default value of option mesa_glthread overridden by environment.
1665297888454	Marionette	INFO	Marionette enabled
1665297888460	Marionette	INFO	Listening on port 38803
Read port: 38803
WebDriver BiDi listening on ws://127.0.0.1:36437
1665297888664	RemoteAgent	WARN	TLS certificate errors will be ignored for this session
console.warn: SearchSettings: "get: No settings file exists, new profile?" (new NotFoundError("Could not open the file at /tmp/rust_mozprofiletqjqJL/search.json.mozlz4", (void 0)))
Missing chrome or resource URL: resource://gre/modules/UpdateListener.sys.mjs
DevTools listening on ws://127.0.0.1:36437/devtools/browser/7f8f510e-d014-4e1c-87cf-06115db98bb1
JavaScript warning: https://vlibras.gov.br/app/vlibras-plugin.js, line 81: unreachable code after return statement
Missing chrome or resource URL: resource://gre/modules/UpdateListener.sys.mjs
console.error: "Error during quit-application-granted: [Exception... \"File error: Not found\"  nsresult: \"0x80520012 (NS_ERROR_FILE_NOT_FOUND)\"  location: \"JS frame :: resource:///modules/BrowserGlue.jsm :: _onQuitApplicationGranted/tasks< :: line 2009\"  data: no]"
1665297903988	Marionette	INFO	Stopped listening on port 38803
console.warn: TopSitesFeed: Failed to fetch data from Contile server: NetworkError when attempting to fetch resource.
1665298063467	geckodriver	INFO	Listening on 127.0.0.1:53049
1665298063838	mozrunner::runner	INFO	Running command: "/snap/firefox/current/firefox.launcher" "--marionette" "-headless" "--remote-debugging-port" "57971" "--remote-allow-hosts" "localhost" "-no-remote" "-profile" "/tmp/rust_mozprofileLeHhGU"
*** You are running in headless mode.
1665298064220	Marionette	INFO	Marionette enabled
1665298064225	Marionette	INFO	Listening on port 44835
Read port: 44835
WebDriver BiDi listening on ws://127.0.0.1:57971
1665298064340	RemoteAgent	WARN	TLS certificate errors will be ignored for this session
[GFX1-]: RenderCompositorSWGL failed mapping default framebuffer, no dt
console.warn: SearchSettings: "get: No settings file exists, new profile?" (new NotFoundError("Could not open the file at /tmp/rust_mozprofileLeHhGU/search.json.mozlz4", (void 0)))
Missing chrome or resource URL: resource://gre/modules/UpdateListener.sys.mjs
DevTools listening on ws://127.0.0.1:57971/devtools/browser/8cfc6684-5545-4968-8e9a-6dccd6c53b82
JavaScript warning: https://vlibras.gov.br/app/vlibras-plugin.js, line 81: unreachable code after return statement
1665298107241	Marionette	INFO	Stopped listening on port 44835
Missing chrome or resource URL: resource://gre/modules/UpdateListener.sys.mjs
console.error: "Error during quit-application-granted: [Exception... \"File error: Not found\"  nsresult: \"0x80520012 (NS_ERROR_FILE_NOT_FOUND)\"  location: \"JS frame :: resource:///modules/BrowserGlue.jsm :: _onQuitApplicationGranted/tasks< :: line 2009\"  data: no]"
Sandbox: Unexpected EOF, op 0 flags 00 path /proc/cpuinfo
update.go:85: cannot change mount namespace according to change mount (/var/lib/snapd/hostfs/usr/share/cups/doc-root /usr/share/cups/doc-root none bind,ro 0 0): cannot create directory "/usr/share/cups/doc-root": permission denied
update.go:85: cannot change mount namespace according to change mount (/var/lib/snapd/hostfs/usr/share/gimp/2.0/help /usr/share/gimp/2.0/help none bind,ro 0 0): cannot create directory "/usr/share/gimp/2.0": permission denied
update.go:85: cannot change mount namespace according to change mount (/var/lib/snapd/hostfs/usr/share/libreoffice/help /usr/share/libreoffice/help none bind,ro 0 0): cannot create directory "/usr/share/libreoffice/help": permission denied
update.go:85: cannot change mount namespace according to change mount (/var/lib/snapd/hostfs/usr/share/xubuntu-docs /usr/share/xubuntu-docs none bind,ro 0 0): cannot open directory "/var/lib": permission denied
1665529620198	geckodriver	INFO	Listening on 127.0.0.1:43503
1665529620592	mozrunner::runner	INFO	Running command: "/snap/firefox/current/firefox.launcher" "--marionette" "--remote-debugging-port" "53729" "--remote-allow-hosts" "localhost" "-no-remote" "-profile" "/tmp/rust_mozprofilew7PeLA"
Gtk-Message: 20:07:00.692: Failed to load module "canberra-gtk-module"
Gtk-Message: 20:07:00.695: Failed to load module "canberra-gtk-module"
ATTENTION: default value of option mesa_glthread overridden by environment.
ATTENTION: default value of option mesa_glthread overridden by environment.
ATTENTION: default value of option mesa_glthread overridden by environment.
ATTENTION: default value of option mesa_glthread overridden by environment.
1665529621942	Marionette	INFO	Marionette enabled
1665529621948	Marionette	INFO	Listening on port 41631
Read port: 41631
WebDriver BiDi listening on ws://127.0.0.1:53729
1665529622136	RemoteAgent	WARN	TLS certificate errors will be ignored for this session
console.warn: SearchSettings: "get: No settings file exists, new profile?" (new NotFoundError("Could not open the file at /tmp/rust_mozprofilew7PeLA/search.json.mozlz4", (void 0)))
Missing chrome or resource URL: resource://gre/modules/UpdateListener.sys.mjs
DevTools listening on ws://127.0.0.1:53729/devtools/browser/162df6e0-c9ea-4267-bd60-68aeee804a4f
JavaScript warning: https://vlibras.gov.br/app/vlibras-plugin.js, line 81: unreachable code after return statement
1665529829142	Marionette	INFO	Stopped listening on port 41631
Missing chrome or resource URL: resource://gre/modules/UpdateListener.sys.mjs
console.error: "Error during quit-application-granted: [Exception... \"File error: Not found\"  nsresult: \"0x80520012 (NS_ERROR_FILE_NOT_FOUND)\"  location: \"JS frame :: resource:///modules/BrowserGlue.jsm :: _onQuitApplicationGranted/tasks< :: line 2009\"  data: no]"
update.go:85: cannot change mount namespace according to change mount (/var/lib/snapd/hostfs/usr/share/cups/doc-root /usr/share/cups/doc-root none bind,ro 0 0): cannot create directory "/usr/share/cups/doc-root": permission denied
update.go:85: cannot change mount namespace according to change mount (/var/lib/snapd/hostfs/usr/share/gimp/2.0/help /usr/share/gimp/2.0/help none bind,ro 0 0): cannot create directory "/usr/share/gimp/2.0": permission denied
update.go:85: cannot change mount namespace according to change mount (/var/lib/snapd/hostfs/usr/share/libreoffice/help /usr/share/libreoffice/help none bind,ro 0 0): cannot create directory "/usr/share/libreoffice/help": permission denied
update.go:85: cannot change mount namespace according to change mount (/var/lib/snapd/hostfs/usr/share/xubuntu-docs /usr/share/xubuntu-docs none bind,ro 0 0): cannot open directory "/var/lib": permission denied
1665599434200	geckodriver	INFO	Listening on 127.0.0.1:49779
1665599434635	mozrunner::runner	INFO	Running command: "/snap/firefox/current/firefox.launcher" "--marionette" "--remote-debugging-port" "35063" "--remote-allow-hosts" "localhost" "-no-remote" "-profile" "/tmp/rust_mozprofileNYkUAg"
Gtk-Message: 15:30:34.751: Failed to load module "canberra-gtk-module"
Gtk-Message: 15:30:34.754: Failed to load module "canberra-gtk-module"
ATTENTION: default value of option mesa_glthread overridden by environment.
ATTENTION: default value of option mesa_glthread overridden by environment.
ATTENTION: default value of option mesa_glthread overridden by environment.
ATTENTION: default value of option mesa_glthread overridden by environment.
1665599436014	Marionette	INFO	Marionette enabled
1665599436019	Marionette	INFO	Listening on port 33083
Read port: 33083
WebDriver BiDi listening on ws://127.0.0.1:35063
1665599436202	RemoteAgent	WARN	TLS certificate errors will be ignored for this session
console.warn: SearchSettings: "get: No settings file exists, new profile?" (new NotFoundError("Could not open the file at /tmp/rust_mozprofileNYkUAg/search.json.mozlz4", (void 0)))
Missing chrome or resource URL: resource://gre/modules/UpdateListener.sys.mjs
DevTools listening on ws://127.0.0.1:35063/devtools/browser/c17c438b-944d-4c56-a9c1-f4825b0d7ad7
JavaScript warning: https://vlibras.gov.br/app/vlibras-plugin.js, line 81: unreachable code after return statement
Exiting due to channel error.
Exiting due to channel error.
Exiting due to channel error.
update.go:85: cannot change mount namespace according to change mount (/var/lib/snapd/hostfs/usr/share/cups/doc-root /usr/share/cups/doc-root none bind,ro 0 0): cannot create directory "/usr/share/cups/doc-root": permission denied
update.go:85: cannot change mount namespace according to change mount (/var/lib/snapd/hostfs/usr/share/gimp/2.0/help /usr/share/gimp/2.0/help none bind,ro 0 0): cannot create directory "/usr/share/gimp/2.0": permission denied
update.go:85: cannot change mount namespace according to change mount (/var/lib/snapd/hostfs/usr/share/libreoffice/help /usr/share/libreoffice/help none bind,ro 0 0): cannot create directory "/usr/share/libreoffice/help": permission denied
update.go:85: cannot change mount namespace according to change mount (/var/lib/snapd/hostfs/usr/share/xubuntu-docs /usr/share/xubuntu-docs none bind,ro 0 0): cannot open directory "/var/lib": permission denied
1665710520445	geckodriver	INFO	Listening on 127.0.0.1:46945
1665710521271	mozrunner::runner	INFO	Running command: "/snap/firefox/current/firefox.launcher" "--marionette" "--remote-debugging-port" "44243" "--remote-allow-hosts" "localhost" "-no-remote" "-profile" "/tmp/rust_mozprofilekM6pdI"
Gtk-Message: 22:22:01.393: Failed to load module "canberra-gtk-module"
Gtk-Message: 22:22:01.396: Failed to load module "canberra-gtk-module"
ATTENTION: default value of option mesa_glthread overridden by environment.
ATTENTION: default value of option mesa_glthread overridden by environment.
ATTENTION: default value of option mesa_glthread overridden by environment.
ATTENTION: default value of option mesa_glthread overridden by environment.
1665710522682	Marionette	INFO	Marionette enabled
1665710522687	Marionette	INFO	Listening on port 44491
Read port: 44491
WebDriver BiDi listening on ws://127.0.0.1:44243
1665710522874	RemoteAgent	WARN	TLS certificate errors will be ignored for this session
console.warn: SearchSettings: "get: No settings file exists, new profile?" (new NotFoundError("Could not open the file at /tmp/rust_mozprofilekM6pdI/search.json.mozlz4", (void 0)))
Missing chrome or resource URL: resource://gre/modules/UpdateListener.sys.mjs
DevTools listening on ws://127.0.0.1:44243/devtools/browser/e36e708d-72fd-4b01-80dc-5e2a54c0ad66
JavaScript warning: https://vlibras.gov.br/app/vlibras-plugin.js, line 81: unreachable code after return statement
1665710594226	Marionette	INFO	Stopped listening on port 44491
Missing chrome or resource URL: resource://gre/modules/UpdateListener.sys.mjs
console.error: "Error during quit-application-granted: [Exception... \"File error: Not found\"  nsresult: \"0x80520012 (NS_ERROR_FILE_NOT_FOUND)\"  location: \"JS frame :: resource:///modules/BrowserGlue.jsm :: _onQuitApplicationGranted/tasks< :: line 2009\"  data: no]"
update.go:85: cannot change mount namespace according to change mount (/var/lib/snapd/hostfs/usr/share/gimp/2.0/help /usr/share/gimp/2.0/help none bind,ro 0 0): cannot open directory "/var/lib": permission denied
update.go:85: cannot change mount namespace according to change mount (/var/lib/snapd/hostfs/usr/share/xubuntu-docs /usr/share/xubuntu-docs none bind,ro 0 0): cannot open directory "/var/lib": permission denied
1703876660767	geckodriver	INFO	Listening on 127.0.0.1:48119
1703876661182	mozrunner::runner	INFO	Running command: MOZ_CRASHREPORTER="1" MOZ_CRASHREPORTER_NO_REPORT="1" MOZ_CRASHREPORTER_SHUTDOWN="1" MOZ_NO_REMOTE="1" "/sna ... te" "--remote-debugging-port" "35553" "--remote-allow-hosts" "localhost" "-no-remote" "-profile" "/tmp/rust_mozprofilejN5neE"
Gtk-Message: 16:04:21.217: Not loading module "atk-bridge": The functionality is provided by GTK natively. Please try to not load it.
[10419, Main Thread] WARNING: GTK+ module /snap/firefox/3416/gnome-platform/usr/lib/gtk-2.0/modules/libcanberra-gtk-module.so cannot be loaded.
GTK+ 2.x symbols detected. Using GTK+ 2.x and GTK+ 3 in the same process is not supported.: 'glib warning', file /build/firefox/parts/firefox/build/toolkit/xre/nsSigHandlers.cpp:187

(firefox:10419): Gtk-WARNING **: 16:04:21.297: GTK+ module /snap/firefox/3416/gnome-platform/usr/lib/gtk-2.0/modules/libcanberra-gtk-module.so cannot be loaded.
GTK+ 2.x symbols detected. Using GTK+ 2.x and GTK+ 3 in the same process is not supported.
Gtk-Message: 16:04:21.297: Failed to load module "canberra-gtk-module"
[10419, Main Thread] WARNING: GTK+ module /snap/firefox/3416/gnome-platform/usr/lib/gtk-2.0/modules/libcanberra-gtk-module.so cannot be loaded.
GTK+ 2.x symbols detected. Using GTK+ 2.x and GTK+ 3 in the same process is not supported.: 'glib warning', file /build/firefox/parts/firefox/build/toolkit/xre/nsSigHandlers.cpp:187

(firefox:10419): Gtk-WARNING **: 16:04:21.299: GTK+ module /snap/firefox/3416/gnome-platform/usr/lib/gtk-2.0/modules/libcanberra-gtk-module.so cannot be loaded.
GTK+ 2.x symbols detected. Using GTK+ 2.x and GTK+ 3 in the same process is not supported.
Gtk-Message: 16:04:21.299: Failed to load module "canberra-gtk-module"
console.warn: services.settings: Ignoring preference override of remote settings server
console.warn: services.settings: Allow by setting MOZ_REMOTE_SETTINGS_DEVTOOLS=1 in the environment
ATTENTION: default value of option mesa_glthread overridden by environment.
1703876662461	Marionette	INFO	Marionette enabled
ATTENTION: default value of option mesa_glthread overridden by environment.
1703876662631	Marionette	INFO	Listening on port 37059
WebDriver BiDi listening on ws://127.0.0.1:35553
Read port: 37059
1703876662969	RemoteAgent	WARN	TLS certificate errors will be ignored for this session
console.error: ({})
[Parent 10419, Main Thread] WARNING: Failed to call GetIdletime(): GDBus.Error:org.freedesktop.DBus.Error.AccessDenied: An AppArmor policy prevents this sender from sending this message to this recipient; type="method_call", sender=":1.118" (uid=1000 pid=10419 comm="/snap/firefox/3416/usr/lib/firefox/firefox --mario" label="snap.firefox.geckodriver (enforce)") interface="org.gnome.Mutter.IdleMonitor" member="GetIdletime" error name="(unset)" requested_reply="0" destination=":1.43" (uid=1000 pid=2037 comm="/usr/bin/gnome-shell " label="unconfined")
: 'glib warning', file /build/firefox/parts/firefox/build/toolkit/xre/nsSigHandlers.cpp:187

** (firefox:10419): WARNING **: 16:04:24.688: Failed to call GetIdletime(): GDBus.Error:org.freedesktop.DBus.Error.AccessDenied: An AppArmor policy prevents this sender from sending this message to this recipient; type="method_call", sender=":1.118" (uid=1000 pid=10419 comm="/snap/firefox/3416/usr/lib/firefox/firefox --mario" label="snap.firefox.geckodriver (enforce)") interface="org.gnome.Mutter.IdleMonitor" member="GetIdletime" error name="(unset)" requested_reply="0" destination=":1.43" (uid=1000 pid=2037 comm="/usr/bin/gnome-shell " label="unconfined")

DevTools listening on ws://127.0.0.1:35553/devtools/browser/07c1bc99-006c-4dd4-af45-5183c9e299fb
console.error: "update.locale" " file doesn't exist in either the application or GRE directories"
1703876692654	addons.xpi	ERROR	System addon update list error SyntaxError: XMLHttpRequest.open: 'http://%(server)s/dummy-system-addons.xml' is not a valid URL.
console.error: services.settings: 
  main/search-config-v2 Signature failed  InvalidSignatureError: Invalid content signature (main/search-config-v2) using 'remote-settings.content-signature.mozilla.org-2024-02-08-20-06-04.chain'
console.error: services.settings: 
  main/search-config-v2 local data was corrupted
console.warn: services.settings: main/search-config-v2 Signature verified failed. Retry from scratch
1703876724739	geckodriver	INFO	Listening on 127.0.0.1:56541
1703876725016	mozrunner::runner	INFO	Running command: MOZ_CRASHREPORTER="1" MOZ_CRASHREPORTER_NO_REPORT="1" MOZ_CRASHREPORTER_SHUTDOWN="1" MOZ_NO_REMOTE="1" "/sna ... te" "--remote-debugging-port" "37729" "--remote-allow-hosts" "localhost" "-no-remote" "-profile" "/tmp/rust_mozprofileqNYfyk"
Gtk-Message: 16:05:25.053: Not loading module "atk-bridge": The functionality is provided by GTK natively. Please try to not load it.
[11158, Main Thread] WARNING: GTK+ module /snap/firefox/3416/gnome-platform/usr/lib/gtk-2.0/modules/libcanberra-gtk-module.so cannot be loaded.
GTK+ 2.x symbols detected. Using GTK+ 2.x and GTK+ 3 in the same process is not supported.: 'glib warning', file /build/firefox/parts/firefox/build/toolkit/xre/nsSigHandlers.cpp:187

(firefox:11158): Gtk-WARNING **: 16:05:25.123: GTK+ module /snap/firefox/3416/gnome-platform/usr/lib/gtk-2.0/modules/libcanberra-gtk-module.so cannot be loaded.
GTK+ 2.x symbols detected. Using GTK+ 2.x and GTK+ 3 in the same process is not supported.
Gtk-Message: 16:05:25.123: Failed to load module "canberra-gtk-module"
[11158, Main Thread] WARNING: GTK+ module /snap/firefox/3416/gnome-platform/usr/lib/gtk-2.0/modules/libcanberra-gtk-module.so cannot be loaded.
GTK+ 2.x symbols detected. Using GTK+ 2.x and GTK+ 3 in the same process is not supported.: 'glib warning', file /build/firefox/parts/firefox/build/toolkit/xre/nsSigHandlers.cpp:187

(firefox:11158): Gtk-WARNING **: 16:05:25.125: GTK+ module /snap/firefox/3416/gnome-platform/usr/lib/gtk-2.0/modules/libcanberra-gtk-module.so cannot be loaded.
GTK+ 2.x symbols detected. Using GTK+ 2.x and GTK+ 3 in the same process is not supported.
Gtk-Message: 16:05:25.125: Failed to load module "canberra-gtk-module"
console.warn: services.settings: Ignoring preference override of remote settings server
console.warn: services.settings: Allow by setting MOZ_REMOTE_SETTINGS_DEVTOOLS=1 in the environment
ATTENTION: default value of option mesa_glthread overridden by environment.
1703876725902	Marionette	INFO	Marionette enabled
ATTENTION: default value of option mesa_glthread overridden by environment.
1703876726034	Marionette	INFO	Listening on port 44057
WebDriver BiDi listening on ws://127.0.0.1:37729
Read port: 44057
1703876726295	RemoteAgent	WARN	TLS certificate errors will be ignored for this session
console.error: ({})
[Parent 11158, Main Thread] WARNING: Failed to call GetIdletime(): GDBus.Error:org.freedesktop.DBus.Error.AccessDenied: An AppArmor policy prevents this sender from sending this message to this recipient; type="method_call", sender=":1.125" (uid=1000 pid=11158 comm="/snap/firefox/3416/usr/lib/firefox/firefox --mario" label="snap.firefox.geckodriver (enforce)") interface="org.gnome.Mutter.IdleMonitor" member="GetIdletime" error name="(unset)" requested_reply="0" destination=":1.43" (uid=1000 pid=2037 comm="/usr/bin/gnome-shell " label="unconfined")
: 'glib warning', file /build/firefox/parts/firefox/build/toolkit/xre/nsSigHandlers.cpp:187

** (firefox:11158): WARNING **: 16:05:28.256: Failed to call GetIdletime(): GDBus.Error:org.freedesktop.DBus.Error.AccessDenied: An AppArmor policy prevents this sender from sending this message to this recipient; type="method_call", sender=":1.125" (uid=1000 pid=11158 comm="/snap/firefox/3416/usr/lib/firefox/firefox --mario" label="snap.firefox.geckodriver (enforce)") interface="org.gnome.Mutter.IdleMonitor" member="GetIdletime" error name="(unset)" requested_reply="0" destination=":1.43" (uid=1000 pid=2037 comm="/usr/bin/gnome-shell " label="unconfined")

DevTools listening on ws://127.0.0.1:37729/devtools/browser/17b752a9-6205-4c06-9335-b828902877ce
JavaScript warning: https://www.googletagmanager.com/gtag/js?id=G-P7Y8CBXPB2&l=dataLayer&cx=c, line 125: Script terminated by timeout at:
B@https://www.googletagmanager.com/gtag/js?id=G-P7Y8CBXPB2&l=dataLayer&cx=c:125:72
nq@https://www.googletagmanager.com/gtag/js?id=G-P7Y8CBXPB2&l=dataLayer&cx=c:350:225
mq.prototype.flush@https://www.googletagmanager.com/gtag/js?id=G-P7Y8CBXPB2&l=dataLayer&cx=c:354:263
mq.prototype.push@https://www.googletagmanager.com/gtag/js?id=G-P7Y8CBXPB2&l=dataLayer&cx=c:352:207
fq@https://www.googletagmanager.com/gtag/js?id=G-P7Y8CBXPB2&l=dataLayer&cx=c:349:789
lG/<@https://www.googletagmanager.com/gtag/js?id=G-P7Y8CBXPB2&l=dataLayer&cx=c:510:178
aa.Jk/<@https://www.googletagmanager.com/gtag/js?id=G-P7Y8CBXPB2&l=dataLayer&cx=c:461:126
aa.Jk/c/<@https://www.googletagmanager.com/gtag/js?id=G-P7Y8CBXPB2&l=dataLayer&cx=c:460:420

1703876732636	Marionette	INFO	Stopped listening on port 37059
JavaScript error: resource://devtools/client/jsonview/Sniffer.sys.mjs, line 53: NS_ERROR_NOT_AVAILABLE: Component returned failure code: 0x80040111 (NS_ERROR_NOT_AVAILABLE) [nsIChannel.contentType]
JavaScript error: , line 0: uncaught exception: Timeout (u)
console.error: "update.locale" " file doesn't exist in either the application or GRE directories"
1703876756321	addons.xpi	ERROR	System addon update list error SyntaxError: XMLHttpRequest.open: 'http://%(server)s/dummy-system-addons.xml' is not a valid URL.
console.error: services.settings: 
  main/search-config-v2 Signature failed  InvalidSignatureError: Invalid content signature (main/search-config-v2) using 'remote-settings.content-signature.mozilla.org-2024-02-08-20-06-04.chain'
console.error: services.settings: 
  main/search-config-v2 local data was corrupted
console.warn: services.settings: main/search-config-v2 Signature verified failed. Retry from scratch
1703876804790	Marionette	INFO	Stopped listening on port 44057
